* installing *source* package ‘genpca’ ...
** using staged installation
** libs
using C++ compiler: ‘Homebrew clang version 20.1.8’
using SDK: ‘MacOSX14.2.sdk’
/opt/homebrew/opt/llvm/bin/clang++ -I"/Library/Frameworks/R.framework/Resources/include" -DNDEBUG -DARMA_64BIT_WORD=1 -I'/Users/bbuchsbaum/Library/R/arm64/4.3/library/Rcpp/include' -I'/Users/bbuchsbaum/Library/R/arm64/4.3/library/RcppArmadillo/include' -I'/Users/bbuchsbaum/Library/R/arm64/4.3/library/RcppEigen/include' -I'/Users/bbuchsbaum/Library/R/arm64/4.3/library/RSpectra/include' -I/opt/homebrew/opt/llvm/include    -fPIC  -fopenmp -c RcppExports.cpp -o RcppExports.o
/opt/homebrew/opt/llvm/bin/clang++ -I"/Library/Frameworks/R.framework/Resources/include" -DNDEBUG -DARMA_64BIT_WORD=1 -I'/Users/bbuchsbaum/Library/R/arm64/4.3/library/Rcpp/include' -I'/Users/bbuchsbaum/Library/R/arm64/4.3/library/RcppArmadillo/include' -I'/Users/bbuchsbaum/Library/R/arm64/4.3/library/RcppEigen/include' -I'/Users/bbuchsbaum/Library/R/arm64/4.3/library/RSpectra/include' -I/opt/homebrew/opt/llvm/include    -fPIC  -fopenmp -c gmd_fast.cpp -o gmd_fast.o
/opt/homebrew/opt/llvm/bin/clang++ -I"/Library/Frameworks/R.framework/Resources/include" -DNDEBUG -DARMA_64BIT_WORD=1 -I'/Users/bbuchsbaum/Library/R/arm64/4.3/library/Rcpp/include' -I'/Users/bbuchsbaum/Library/R/arm64/4.3/library/RcppArmadillo/include' -I'/Users/bbuchsbaum/Library/R/arm64/4.3/library/RcppEigen/include' -I'/Users/bbuchsbaum/Library/R/arm64/4.3/library/RSpectra/include' -I/opt/homebrew/opt/llvm/include    -fPIC  -fopenmp -c gpca.cpp -o gpca.o
/opt/homebrew/opt/llvm/bin/clang++ -dynamiclib -Wl,-headerpad_max_install_names -undefined dynamic_lookup -L/Library/Frameworks/R.framework/Resources/lib -L/opt/homebrew/opt/llvm/lib -Wl,-rpath,/opt/homebrew/opt/llvm/lib -lomp -o genpca.so RcppExports.o gmd_fast.o gpca.o -L/Library/Frameworks/R.framework/Resources/lib -lRlapack -L/Library/Frameworks/R.framework/Resources/lib -lRblas -L/opt/gfortran/lib/gcc/aarch64-apple-darwin20.0/12.2.0 -L/opt/gfortran/lib -lgfortran -lemutls_w -lquadmath -F/Library/Frameworks/R.framework/.. -framework R -Wl,-framework -Wl,CoreFoundation
installing to /Users/bbuchsbaum/code/genpca/genpca.Rcheck/00LOCK-genpca/00new/genpca/libs
** R
** byte-compile and prepare package for lazy loading
** help
*** installing help indices
** building package indices
** testing if installed package can be loaded from temporary location
** checking absolute paths in shared objects and dynamic libraries
** testing if installed package can be loaded from final location
** testing if installed package keeps a record of temporary installation path
* DONE (genpca)
